#
# A fatal error has been detected by the Java Runtime Environment:
#
#  EXCEPTION_ACCESS_VIOLATION (0xc0000005) at pc=0x00007ffe0a01a5a8, pid=13640, tid=3200
#
# JRE version: OpenJDK Runtime Environment (16.0.1+9) (build 16.0.1+9-24)
# Java VM: OpenJDK 64-Bit Server VM (16.0.1+9-24, mixed mode, tiered, compressed oops, compressed class ptrs, g1 gc, windows-amd64)
# Problematic frame:
# V  [jvm.dll+0x23a5a8]
#
# No core dump will be written. Minidumps are not enabled by default on client versions of Windows
#
# If you would like to submit a bug report, please visit:
#   https://bugreport.java.com/bugreport/crash.jsp
#

---------------  S U M M A R Y ------------

Command Line: -XX:+ShowCodeDetailsInExceptionMessages -agentlib:jdwp=transport=dt_socket,suspend=y,address=localhost:49544 -javaagent:C:\Users\kosmo\eclipse\java-2020-12\eclipse\configuration\org.eclipse.osgi\589\0\.cp\lib\javaagent-shaded.jar -Dfile.encoding=MS949 arraylist.StudentTest

Host: Intel(R) Core(TM) i5-10400F CPU @ 2.90GHz, 12 cores, 31G,  Windows 10 , 64 bit Build 19041 (10.0.19041.1023)
Time: Thu Jul  1 17:43:40 2021  Windows 10 , 64 bit Build 19041 (10.0.19041.1023) elapsed time: 740.216833 seconds (0d 0h 12m 20s)

---------------  T H R E A D  ---------------

Current thread (0x00000184b2891a70):  VMThread "VM Thread" [stack: 0x0000004821f00000,0x0000004822000000] [id=3200]

Stack: [0x0000004821f00000,0x0000004822000000],  sp=0x0000004821ffe708,  free space=1017k
Native frames: (J=compiled Java code, j=interpreted, Vv=VM code, C=native code)
V  [jvm.dll+0x23a5a8]


siginfo: EXCEPTION_ACCESS_VIOLATION (0xc0000005), reading address 0x00000184b45cf708


Register to memory mapping:

RIP=0x00007ffe0a01a5a8 jvm.dll
RAX=0x00000000001940c0 is an unknown value
RBX=0x00000184b443b1e0 is pointing into metadata
RCX=0x00000184b443b648 is pointing into metadata
RDX=0x000000000000ca05 is an unknown value
RSP=0x0000004821ffe708 points into unknown readable memory: 0x00007ffe0a01a62e | 2e a6 01 0a fe 7f 00 00
RBP=0x0000004821ffe840 points into unknown readable memory: 0xffffffffffffffff | ff ff ff ff ff ff ff ff
RSI=0x0 is NULL
RDI=0x0000004821ffee50 points into unknown readable memory: 0x00007ffe0a7121f8 | f8 21 71 0a fe 7f 00 00
R8 =0x0 is NULL
R9 =0x00000184b443b1e0 is pointing into metadata
R10=0x00007ffe09de0000 jvm.dll
R11={method} {0x00000184b443b548} 'addSubject' '(Ljava/lang/String;I)V' in 'arraylist/Student'
R12=0x00007ffe09de0000 jvm.dll
R13=0x00000184b3608350 points into unknown readable memory: 0x000000002125a800 | 00 a8 25 21 00 00 00 00
R14=0x00000184b443b526 is pointing into metadata
R15=0x000000000000000a is an unknown value


Registers:
RAX=0x00000000001940c0, RBX=0x00000184b443b1e0, RCX=0x00000184b443b648, RDX=0x000000000000ca05
RSP=0x0000004821ffe708, RBP=0x0000004821ffe840, RSI=0x0000000000000000, RDI=0x0000004821ffee50
R8 =0x0000000000000000, R9 =0x00000184b443b1e0, R10=0x00007ffe09de0000, R11=0x00000184b443b540
R12=0x00007ffe09de0000, R13=0x00000184b3608350, R14=0x00000184b443b526, R15=0x000000000000000a
RIP=0x00007ffe0a01a5a8, EFLAGS=0x0000000000010206

Top of Stack: (sp=0x0000004821ffe708)
0x0000004821ffe708:   00007ffe0a01a62e 0000004821ffe798
0x0000004821ffe718:   0000000000000000 00000184b27817e0
0x0000004821ffe728:   0000000000000000 0000004821ffecc0
0x0000004821ffe738:   00007ffe0a10d534 0000000000000001
0x0000004821ffe748:   0000000000000000 0000000000000000
0x0000004821ffe758:   0000000000000000 0000000000000000
0x0000004821ffe768:   0000000000000000 00000184b2787be8
0x0000004821ffe778:   00007ffe0000000e 0000000000000000
0x0000004821ffe788:   0000004821ffe7e0 0000000000000002
0x0000004821ffe798:   00000184b2787be8 0000001500000014
0x0000004821ffe7a8:   0000000000000015 000000030000000e
0x0000004821ffe7b8:   00007ffe0a4c6308 0000000000000000
0x0000004821ffe7c8:   0000000000000000 0000004821ffef20
0x0000004821ffe7d8:   00007ffe0a4c55b2 0000000000000000
0x0000004821ffe7e8:   00007ffe0a4c6134 0000004821ffe950
0x0000004821ffe7f8:   0000000000000000 0000004821ffee50 

Instructions: (pc=0x00007ffe0a01a5a8)
0x00007ffe0a01a4a8:   03 03 03 03 03 03 03 03 03 03 03 03 03 03 03 03
0x00007ffe0a01a4b8:   03 03 03 03 03 03 03 03 03 03 03 03 03 03 03 03
0x00007ffe0a01a4c8:   03 03 03 03 03 03 03 03 03 03 03 03 03 03 03 03
0x00007ffe0a01a4d8:   03 03 03 03 03 03 03 03 03 03 03 03 03 03 03 03
0x00007ffe0a01a4e8:   03 03 03 02 03 03 02 cc 48 89 5c 24 08 48 89 74
0x00007ffe0a01a4f8:   24 10 57 48 83 ec 20 48 63 da 41 0f b6 f0 48 8b
0x00007ffe0a01a508:   f9 85 d2 79 24 4c 8d 0d cc 92 69 00 ba b4 02 00
0x00007ffe0a01a518:   00 4c 8d 05 f8 92 69 00 48 8d 0d 61 92 69 00 e8
0x00007ffe0a01a528:   64 88 00 00 e8 0f de 42 00 40 84 f6 75 18 48 8b
0x00007ffe0a01a538:   4f 10 48 85 c9 74 0f 48 8d 43 01 48 c1 e0 05 48
0x00007ffe0a01a548:   8b 04 08 0f b7 d8 48 8b 74 24 38 48 63 c3 48 8b
0x00007ffe0a01a558:   5c 24 30 0f b7 44 c7 48 48 83 c4 20 5f c3 cc cc
0x00007ffe0a01a568:   cc cc cc cc cc cc cc cc 4c 8b c9 45 84 c0 75 41
0x00007ffe0a01a578:   48 8b 49 10 48 85 c9 74 38 85 d2 79 19 f7 d2 8b
0x00007ffe0a01a588:   c2 48 ff c0 48 c1 e0 05 48 8b 04 08 0f b7 c8 41
0x00007ffe0a01a598:   0f b7 44 c9 4a c3 48 63 c2 48 ff c0 48 c1 e0 05
0x00007ffe0a01a5a8:   48 8b 04 08 0f b7 d0 48 63 c2 41 0f b7 44 c1 4a
0x00007ffe0a01a5b8:   c3 49 8b 41 08 4c 63 c2 42 0f b6 44 00 04 8d 48
0x00007ffe0a01a5c8:   ef 80 f9 01 76 0e 3c 6a 74 0a 48 63 c2 41 0f b7
0x00007ffe0a01a5d8:   44 c1 4a c3 43 0f b7 44 c1 4a c3 cc cc cc cc cc
0x00007ffe0a01a5e8:   cc cc cc cc cc cc cc cc 40 53 48 83 ec 20 48 8b
0x00007ffe0a01a5f8:   d9 e8 72 ff ff ff 48 63 d0 0f b7 44 d3 48 48 8b
0x00007ffe0a01a608:   44 c3 48 48 83 c4 20 5b c3 cc cc cc cc cc cc cc
0x00007ffe0a01a618:   cc cc cc cc cc cc cc cc 40 53 48 83 ec 20 48 8b
0x00007ffe0a01a628:   d9 e8 42 ff ff ff 48 63 d0 0f b7 44 d3 4a 48 8b
0x00007ffe0a01a638:   44 c3 48 48 83 c4 20 5b c3 cc cc cc cc cc cc cc
0x00007ffe0a01a648:   cc cc cc cc cc cc cc cc 4c 8b d1 45 84 c9 75 28
0x00007ffe0a01a658:   4c 8b 49 10 4d 85 c9 74 1f 45 85 c0 79 08 41 f7
0x00007ffe0a01a668:   d0 41 8b c0 eb 03 49 63 c0 48 ff c0 48 c1 e0 05
0x00007ffe0a01a678:   4a 8b 04 08 44 0f b7 c0 49 8b 42 08 49 63 c8 0f
0x00007ffe0a01a688:   b6 4c 08 04 48 8b c2 88 0a c3 cc cc cc cc cc cc
0x00007ffe0a01a698:   cc cc cc cc cc cc cc cc 40 56 57 41 54 41 56 41 


Stack slot to memory mapping:
stack at sp + 0 slots: 0x00007ffe0a01a62e jvm.dll
stack at sp + 1 slots: 0x0000004821ffe798 points into unknown readable memory: 0x00000184b2787be8 | e8 7b 78 b2 84 01 00 00
stack at sp + 2 slots: 0x0 is NULL
stack at sp + 3 slots: 0x00000184b27817e0 points into unknown readable memory: 0x616a00106e30ffff | ff ff 30 6e 10 00 6a 61
stack at sp + 4 slots: 0x0 is NULL
stack at sp + 5 slots: 0x0000004821ffecc0 points into unknown readable memory: 0x00000184b443b540 | 40 b5 43 b4 84 01 00 00
stack at sp + 6 slots: 0x00007ffe0a10d534 jvm.dll
stack at sp + 7 slots: 0x0000000000000001 is an unknown value

VM_Operation (0x0000004822aff230): get/set locals, mode: safepoint, requested by thread 0x00000184b37af550


---------------  P R O C E S S  ---------------

Threads class SMR info:
_java_thread_list=0x00000184b3bf5f20, length=15, elements={
0x000001848820ad90, 0x00000184b3427150, 0x00000184b3427b60, 0x00000184b348cef0,
0x00000184b3464400, 0x00000184b3464920, 0x00000184b3467240, 0x00000184b34c7d50,
0x00000184b34c86a0, 0x00000184b34cd400, 0x00000184b3586440, 0x00000184b37af550,
0x00000184b37b1640, 0x00000184b3780f90, 0x00000184b3bec7a0
}

Java Threads: ( => current thread )
  0x000001848820ad90 JavaThread "main" [_thread_blocked, id=11704, stack(0x0000004821900000,0x0000004821a00000)]
  0x00000184b3427150 JavaThread "Reference Handler" daemon [_thread_blocked, id=14236, stack(0x0000004822000000,0x0000004822100000)]
  0x00000184b3427b60 JavaThread "Finalizer" daemon [_thread_blocked, id=14468, stack(0x0000004822100000,0x0000004822200000)]
  0x00000184b348cef0 JavaThread "Signal Dispatcher" daemon [_thread_blocked, id=2944, stack(0x0000004822200000,0x0000004822300000)]
  0x00000184b3464400 JavaThread "Attach Listener" daemon [_thread_blocked, id=9128, stack(0x0000004822300000,0x0000004822400000)]
  0x00000184b3464920 JavaThread "Service Thread" daemon [_thread_blocked, id=4908, stack(0x0000004822400000,0x0000004822500000)]
  0x00000184b3467240 JavaThread "Monitor Deflation Thread" daemon [_thread_blocked, id=1540, stack(0x0000004822500000,0x0000004822600000)]
  0x00000184b34c7d50 JavaThread "C2 CompilerThread0" daemon [_thread_blocked, id=6192, stack(0x0000004822600000,0x0000004822700000)]
  0x00000184b34c86a0 JavaThread "C1 CompilerThread0" daemon [_thread_blocked, id=8140, stack(0x0000004822700000,0x0000004822800000)]
  0x00000184b34cd400 JavaThread "Sweeper thread" daemon [_thread_blocked, id=15084, stack(0x0000004822800000,0x0000004822900000)]
  0x00000184b3586440 JavaThread "Common-Cleaner" daemon [_thread_blocked, id=4384, stack(0x0000004822900000,0x0000004822a00000)]
  0x00000184b37af550 JavaThread "JDWP Transport Listener: dt_socket" daemon [_thread_blocked, id=7048, stack(0x0000004822a00000,0x0000004822b00000)]
  0x00000184b37b1640 JavaThread "JDWP Event Helper Thread" daemon [_thread_blocked, id=13136, stack(0x0000004822b00000,0x0000004822c00000)]
  0x00000184b3780f90 JavaThread "JDWP Command Reader" daemon [_thread_in_native, id=6160, stack(0x0000004822c00000,0x0000004822d00000)]
  0x00000184b3bec7a0 JavaThread "Notification Thread" daemon [_thread_blocked, id=14028, stack(0x0000004822d00000,0x0000004822e00000)]

Other Threads:
=>0x00000184b2891a70 VMThread "VM Thread" [stack: 0x0000004821f00000,0x0000004822000000] [id=3200]
  0x00000184b37feca0 WatcherThread [stack: 0x0000004822e00000,0x0000004822f00000] [id=7904]
  0x0000018488280d70 GCTaskThread "GC Thread#0" [stack: 0x0000004821a00000,0x0000004821b00000] [id=12664]
  0x0000018488293440 ConcurrentGCThread "G1 Main Marker" [stack: 0x0000004821b00000,0x0000004821c00000] [id=13296]
  0x0000018488293dc0 ConcurrentGCThread "G1 Conc#0" [stack: 0x0000004821c00000,0x0000004821d00000] [id=14164]
  0x00000184882ed670 ConcurrentGCThread "G1 Refine#0" [stack: 0x0000004821d00000,0x0000004821e00000] [id=7804]
  0x00000184882ee000 ConcurrentGCThread "G1 Service" [stack: 0x0000004821e00000,0x0000004821f00000] [id=10640]

Threads with active compile tasks:

VM state: at safepoint (normal execution)

VM Mutex/Monitor currently owned by a thread:  ([mutex/lock_event])
[0x00000184881fea70] Threads_lock - owner thread: 0x00000184b2891a70

Heap address: 0x0000000601400000, size: 8172 MB, Compressed Oops mode: Zero based, Oop shift amount: 3

CDS disabled.
Compressed class space mapped at: 0x0000000800000000-0x0000000840000000, reserved size: 1073741824
Narrow klass base: 0x0000000800000000, Narrow klass shift: 0, Narrow klass range: 0x40000000

GC Precious Log:
 CPUs: 12 total, 12 available
 Memory: 32684M
 Large Page Support: Disabled
 NUMA Support: Disabled
 Compressed Oops: Enabled (Zero based)
 Heap Region Size: 4M
 Heap Min Capacity: 8M
 Heap Initial Capacity: 512M
 Heap Max Capacity: 8172M
 Pre-touch: Disabled
 Parallel Workers: 10
 Concurrent Workers: 3
 Concurrent Refinement Workers: 10
 Periodic GC: Disabled

Heap:
 garbage-first heap   total 524288K, used 4096K [0x0000000601400000, 0x0000000800000000)
  region size 4096K, 2 young (8192K), 0 survivors (0K)
 Metaspace       used 9216K, committed 9280K, reserved 1064960K
  class space    used 785K, committed 832K, reserved 1048576K

Heap Regions: E=young(eden), S=young(survivor), O=old, HS=humongous(starts), HC=humongous(continues), CS=collection set, F=free, OA=open archive, CA=closed archive, TAMS=top-at-mark-start (previous, next)
|   0|0x0000000601400000, 0x0000000601400000, 0x0000000601800000|  0%| F|  |TAMS 0x0000000601400000, 0x0000000601400000| Untracked 
|   1|0x0000000601800000, 0x0000000601800000, 0x0000000601c00000|  0%| F|  |TAMS 0x0000000601800000, 0x0000000601800000| Untracked 
|   2|0x0000000601c00000, 0x0000000601c00000, 0x0000000602000000|  0%| F|  |TAMS 0x0000000601c00000, 0x0000000601c00000| Untracked 
|   3|0x0000000602000000, 0x0000000602000000, 0x0000000602400000|  0%| F|  |TAMS 0x0000000602000000, 0x0000000602000000| Untracked 
|   4|0x0000000602400000, 0x0000000602400000, 0x0000000602800000|  0%| F|  |TAMS 0x0000000602400000, 0x0000000602400000| Untracked 
|   5|0x0000000602800000, 0x0000000602800000, 0x0000000602c00000|  0%| F|  |TAMS 0x0000000602800000, 0x0000000602800000| Untracked 
|   6|0x0000000602c00000, 0x0000000602c00000, 0x0000000603000000|  0%| F|  |TAMS 0x0000000602c00000, 0x0000000602c00000| Untracked 
|   7|0x0000000603000000, 0x0000000603000000, 0x0000000603400000|  0%| F|  |TAMS 0x0000000603000000, 0x0000000603000000| Untracked 
|   8|0x0000000603400000, 0x0000000603400000, 0x0000000603800000|  0%| F|  |TAMS 0x0000000603400000, 0x0000000603400000| Untracked 
|   9|0x0000000603800000, 0x0000000603800000, 0x0000000603c00000|  0%| F|  |TAMS 0x0000000603800000, 0x0000000603800000| Untracked 
|  10|0x0000000603c00000, 0x0000000603c00000, 0x0000000604000000|  0%| F|  |TAMS 0x0000000603c00000, 0x0000000603c00000| Untracked 
|  11|0x0000000604000000, 0x0000000604000000, 0x0000000604400000|  0%| F|  |TAMS 0x0000000604000000, 0x0000000604000000| Untracked 
|  12|0x0000000604400000, 0x0000000604400000, 0x0000000604800000|  0%| F|  |TAMS 0x0000000604400000, 0x0000000604400000| Untracked 
|  13|0x0000000604800000, 0x0000000604800000, 0x0000000604c00000|  0%| F|  |TAMS 0x0000000604800000, 0x0000000604800000| Untracked 
|  14|0x0000000604c00000, 0x0000000604c00000, 0x0000000605000000|  0%| F|  |TAMS 0x0000000604c00000, 0x0000000604c00000| Untracked 
|  15|0x0000000605000000, 0x0000000605000000, 0x0000000605400000|  0%| F|  |TAMS 0x0000000605000000, 0x0000000605000000| Untracked 
|  16|0x0000000605400000, 0x0000000605400000, 0x0000000605800000|  0%| F|  |TAMS 0x0000000605400000, 0x0000000605400000| Untracked 
|  17|0x0000000605800000, 0x0000000605800000, 0x0000000605c00000|  0%| F|  |TAMS 0x0000000605800000, 0x0000000605800000| Untracked 
|  18|0x0000000605c00000, 0x0000000605c00000, 0x0000000606000000|  0%| F|  |TAMS 0x0000000605c00000, 0x0000000605c00000| Untracked 
|  19|0x0000000606000000, 0x0000000606000000, 0x0000000606400000|  0%| F|  |TAMS 0x0000000606000000, 0x0000000606000000| Untracked 
|  20|0x0000000606400000, 0x0000000606400000, 0x0000000606800000|  0%| F|  |TAMS 0x0000000606400000, 0x0000000606400000| Untracked 
|  21|0x0000000606800000, 0x0000000606800000, 0x0000000606c00000|  0%| F|  |TAMS 0x0000000606800000, 0x0000000606800000| Untracked 
|  22|0x0000000606c00000, 0x0000000606c00000, 0x0000000607000000|  0%| F|  |TAMS 0x0000000606c00000, 0x0000000606c00000| Untracked 
|  23|0x0000000607000000, 0x0000000607000000, 0x0000000607400000|  0%| F|  |TAMS 0x0000000607000000, 0x0000000607000000| Untracked 
|  24|0x0000000607400000, 0x0000000607400000, 0x0000000607800000|  0%| F|  |TAMS 0x0000000607400000, 0x0000000607400000| Untracked 
|  25|0x0000000607800000, 0x0000000607800000, 0x0000000607c00000|  0%| F|  |TAMS 0x0000000607800000, 0x0000000607800000| Untracked 
|  26|0x0000000607c00000, 0x0000000607c00000, 0x0000000608000000|  0%| F|  |TAMS 0x0000000607c00000, 0x0000000607c00000| Untracked 
|  27|0x0000000608000000, 0x0000000608000000, 0x0000000608400000|  0%| F|  |TAMS 0x0000000608000000, 0x0000000608000000| Untracked 
|  28|0x0000000608400000, 0x0000000608400000, 0x0000000608800000|  0%| F|  |TAMS 0x0000000608400000, 0x0000000608400000| Untracked 
|  29|0x0000000608800000, 0x0000000608800000, 0x0000000608c00000|  0%| F|  |TAMS 0x0000000608800000, 0x0000000608800000| Untracked 
|  30|0x0000000608c00000, 0x0000000608c00000, 0x0000000609000000|  0%| F|  |TAMS 0x0000000608c00000, 0x0000000608c00000| Untracked 
|  31|0x0000000609000000, 0x0000000609000000, 0x0000000609400000|  0%| F|  |TAMS 0x0000000609000000, 0x0000000609000000| Untracked 
|  32|0x0000000609400000, 0x0000000609400000, 0x0000000609800000|  0%| F|  |TAMS 0x0000000609400000, 0x0000000609400000| Untracked 
|  33|0x0000000609800000, 0x0000000609800000, 0x0000000609c00000|  0%| F|  |TAMS 0x0000000609800000, 0x0000000609800000| Untracked 
|  34|0x0000000609c00000, 0x0000000609c00000, 0x000000060a000000|  0%| F|  |TAMS 0x0000000609c00000, 0x0000000609c00000| Untracked 
|  35|0x000000060a000000, 0x000000060a000000, 0x000000060a400000|  0%| F|  |TAMS 0x000000060a000000, 0x000000060a000000| Untracked 
|  36|0x000000060a400000, 0x000000060a400000, 0x000000060a800000|  0%| F|  |TAMS 0x000000060a400000, 0x000000060a400000| Untracked 
|  37|0x000000060a800000, 0x000000060a800000, 0x000000060ac00000|  0%| F|  |TAMS 0x000000060a800000, 0x000000060a800000| Untracked 
|  38|0x000000060ac00000, 0x000000060ac00000, 0x000000060b000000|  0%| F|  |TAMS 0x000000060ac00000, 0x000000060ac00000| Untracked 
|  39|0x000000060b000000, 0x000000060b000000, 0x000000060b400000|  0%| F|  |TAMS 0x000000060b000000, 0x000000060b000000| Untracked 
|  40|0x000000060b400000, 0x000000060b400000, 0x000000060b800000|  0%| F|  |TAMS 0x000000060b400000, 0x000000060b400000| Untracked 
|  41|0x000000060b800000, 0x000000060b800000, 0x000000060bc00000|  0%| F|  |TAMS 0x000000060b800000, 0x000000060b800000| Untracked 
|  42|0x000000060bc00000, 0x000000060bc00000, 0x000000060c000000|  0%| F|  |TAMS 0x000000060bc00000, 0x000000060bc00000| Untracked 
|  43|0x000000060c000000, 0x000000060c000000, 0x000000060c400000|  0%| F|  |TAMS 0x000000060c000000, 0x000000060c000000| Untracked 
|  44|0x000000060c400000, 0x000000060c400000, 0x000000060c800000|  0%| F|  |TAMS 0x000000060c400000, 0x000000060c400000| Untracked 
|  45|0x000000060c800000, 0x000000060c800000, 0x000000060cc00000|  0%| F|  |TAMS 0x000000060c800000, 0x000000060c800000| Untracked 
|  46|0x000000060cc00000, 0x000000060cc00000, 0x000000060d000000|  0%| F|  |TAMS 0x000000060cc00000, 0x000000060cc00000| Untracked 
|  47|0x000000060d000000, 0x000000060d000000, 0x000000060d400000|  0%| F|  |TAMS 0x000000060d000000, 0x000000060d000000| Untracked 
|  48|0x000000060d400000, 0x000000060d400000, 0x000000060d800000|  0%| F|  |TAMS 0x000000060d400000, 0x000000060d400000| Untracked 
|  49|0x000000060d800000, 0x000000060d800000, 0x000000060dc00000|  0%| F|  |TAMS 0x000000060d800000, 0x000000060d800000| Untracked 
|  50|0x000000060dc00000, 0x000000060dc00000, 0x000000060e000000|  0%| F|  |TAMS 0x000000060dc00000, 0x000000060dc00000| Untracked 
|  51|0x000000060e000000, 0x000000060e000000, 0x000000060e400000|  0%| F|  |TAMS 0x000000060e000000, 0x000000060e000000| Untracked 
|  52|0x000000060e400000, 0x000000060e400000, 0x000000060e800000|  0%| F|  |TAMS 0x000000060e400000, 0x000000060e400000| Untracked 
|  53|0x000000060e800000, 0x000000060e800000, 0x000000060ec00000|  0%| F|  |TAMS 0x000000060e800000, 0x000000060e800000| Untracked 
|  54|0x000000060ec00000, 0x000000060ec00000, 0x000000060f000000|  0%| F|  |TAMS 0x000000060ec00000, 0x000000060ec00000| Untracked 
|  55|0x000000060f000000, 0x000000060f000000, 0x000000060f400000|  0%| F|  |TAMS 0x000000060f000000, 0x000000060f000000| Untracked 
|  56|0x000000060f400000, 0x000000060f400000, 0x000000060f800000|  0%| F|  |TAMS 0x000000060f400000, 0x000000060f400000| Untracked 
|  57|0x000000060f800000, 0x000000060f800000, 0x000000060fc00000|  0%| F|  |TAMS 0x000000060f800000, 0x000000060f800000| Untracked 
|  58|0x000000060fc00000, 0x000000060fc00000, 0x0000000610000000|  0%| F|  |TAMS 0x000000060fc00000, 0x000000060fc00000| Untracked 
|  59|0x0000000610000000, 0x0000000610000000, 0x0000000610400000|  0%| F|  |TAMS 0x0000000610000000, 0x0000000610000000| Untracked 
|  60|0x0000000610400000, 0x0000000610400000, 0x0000000610800000|  0%| F|  |TAMS 0x0000000610400000, 0x0000000610400000| Untracked 
|  61|0x0000000610800000, 0x0000000610800000, 0x0000000610c00000|  0%| F|  |TAMS 0x0000000610800000, 0x0000000610800000| Untracked 
|  62|0x0000000610c00000, 0x0000000610c00000, 0x0000000611000000|  0%| F|  |TAMS 0x0000000610c00000, 0x0000000610c00000| Untracked 
|  63|0x0000000611000000, 0x0000000611000000, 0x0000000611400000|  0%| F|  |TAMS 0x0000000611000000, 0x0000000611000000| Untracked 
|  64|0x0000000611400000, 0x0000000611400000, 0x0000000611800000|  0%| F|  |TAMS 0x0000000611400000, 0x0000000611400000| Untracked 
|  65|0x0000000611800000, 0x0000000611800000, 0x0000000611c00000|  0%| F|  |TAMS 0x0000000611800000, 0x0000000611800000| Untracked 
|  66|0x0000000611c00000, 0x0000000611c00000, 0x0000000612000000|  0%| F|  |TAMS 0x0000000611c00000, 0x0000000611c00000| Untracked 
|  67|0x0000000612000000, 0x0000000612000000, 0x0000000612400000|  0%| F|  |TAMS 0x0000000612000000, 0x0000000612000000| Untracked 
|  68|0x0000000612400000, 0x0000000612400000, 0x0000000612800000|  0%| F|  |TAMS 0x0000000612400000, 0x0000000612400000| Untracked 
|  69|0x0000000612800000, 0x0000000612800000, 0x0000000612c00000|  0%| F|  |TAMS 0x0000000612800000, 0x0000000612800000| Untracked 
|  70|0x0000000612c00000, 0x0000000612c00000, 0x0000000613000000|  0%| F|  |TAMS 0x0000000612c00000, 0x0000000612c00000| Untracked 
|  71|0x0000000613000000, 0x0000000613000000, 0x0000000613400000|  0%| F|  |TAMS 0x0000000613000000, 0x0000000613000000| Untracked 
|  72|0x0000000613400000, 0x0000000613400000, 0x0000000613800000|  0%| F|  |TAMS 0x0000000613400000, 0x0000000613400000| Untracked 
|  73|0x0000000613800000, 0x0000000613800000, 0x0000000613c00000|  0%| F|  |TAMS 0x0000000613800000, 0x0000000613800000| Untracked 
|  74|0x0000000613c00000, 0x0000000613c00000, 0x0000000614000000|  0%| F|  |TAMS 0x0000000613c00000, 0x0000000613c00000| Untracked 
|  75|0x0000000614000000, 0x0000000614000000, 0x0000000614400000|  0%| F|  |TAMS 0x0000000614000000, 0x0000000614000000| Untracked 
|  76|0x0000000614400000, 0x0000000614400000, 0x0000000614800000|  0%| F|  |TAMS 0x0000000614400000, 0x0000000614400000| Untracked 
|  77|0x0000000614800000, 0x0000000614800000, 0x0000000614c00000|  0%| F|  |TAMS 0x0000000614800000, 0x0000000614800000| Untracked 
|  78|0x0000000614c00000, 0x0000000614c00000, 0x0000000615000000|  0%| F|  |TAMS 0x0000000614c00000, 0x0000000614c00000| Untracked 
|  79|0x0000000615000000, 0x0000000615000000, 0x0000000615400000|  0%| F|  |TAMS 0x0000000615000000, 0x0000000615000000| Untracked 
|  80|0x0000000615400000, 0x0000000615400000, 0x0000000615800000|  0%| F|  |TAMS 0x0000000615400000, 0x0000000615400000| Untracked 
|  81|0x0000000615800000, 0x0000000615800000, 0x0000000615c00000|  0%| F|  |TAMS 0x0000000615800000, 0x0000000615800000| Untracked 
|  82|0x0000000615c00000, 0x0000000615c00000, 0x0000000616000000|  0%| F|  |TAMS 0x0000000615c00000, 0x0000000615c00000| Untracked 
|  83|0x0000000616000000, 0x0000000616000000, 0x0000000616400000|  0%| F|  |TAMS 0x0000000616000000, 0x0000000616000000| Untracked 
|  84|0x0000000616400000, 0x0000000616400000, 0x0000000616800000|  0%| F|  |TAMS 0x0000000616400000, 0x0000000616400000| Untracked 
|  85|0x0000000616800000, 0x0000000616800000, 0x0000000616c00000|  0%| F|  |TAMS 0x0000000616800000, 0x0000000616800000| Untracked 
|  86|0x0000000616c00000, 0x0000000616c00000, 0x0000000617000000|  0%| F|  |TAMS 0x0000000616c00000, 0x0000000616c00000| Untracked 
|  87|0x0000000617000000, 0x0000000617000000, 0x0000000617400000|  0%| F|  |TAMS 0x0000000617000000, 0x0000000617000000| Untracked 
|  88|0x0000000617400000, 0x0000000617400000, 0x0000000617800000|  0%| F|  |TAMS 0x0000000617400000, 0x0000000617400000| Untracked 
|  89|0x0000000617800000, 0x0000000617800000, 0x0000000617c00000|  0%| F|  |TAMS 0x0000000617800000, 0x0000000617800000| Untracked 
|  90|0x0000000617c00000, 0x0000000617c00000, 0x0000000618000000|  0%| F|  |TAMS 0x0000000617c00000, 0x0000000617c00000| Untracked 
|  91|0x0000000618000000, 0x0000000618000000, 0x0000000618400000|  0%| F|  |TAMS 0x0000000618000000, 0x0000000618000000| Untracked 
|  92|0x0000000618400000, 0x0000000618400000, 0x0000000618800000|  0%| F|  |TAMS 0x0000000618400000, 0x0000000618400000| Untracked 
|  93|0x0000000618800000, 0x0000000618800000, 0x0000000618c00000|  0%| F|  |TAMS 0x0000000618800000, 0x0000000618800000| Untracked 
|  94|0x0000000618c00000, 0x0000000618c00000, 0x0000000619000000|  0%| F|  |TAMS 0x0000000618c00000, 0x0000000618c00000| Untracked 
|  95|0x0000000619000000, 0x0000000619000000, 0x0000000619400000|  0%| F|  |TAMS 0x0000000619000000, 0x0000000619000000| Untracked 
|  96|0x0000000619400000, 0x0000000619400000, 0x0000000619800000|  0%| F|  |TAMS 0x0000000619400000, 0x0000000619400000| Untracked 
|  97|0x0000000619800000, 0x0000000619800000, 0x0000000619c00000|  0%| F|  |TAMS 0x0000000619800000, 0x0000000619800000| Untracked 
|  98|0x0000000619c00000, 0x0000000619c00000, 0x000000061a000000|  0%| F|  |TAMS 0x0000000619c00000, 0x0000000619c00000| Untracked 
|  99|0x000000061a000000, 0x000000061a000000, 0x000000061a400000|  0%| F|  |TAMS 0x000000061a000000, 0x000000061a000000| Untracked 
| 100|0x000000061a400000, 0x000000061a400000, 0x000000061a800000|  0%| F|  |TAMS 0x000000061a400000, 0x000000061a400000| Untracked 
| 101|0x000000061a800000, 0x000000061a800000, 0x000000061ac00000|  0%| F|  |TAMS 0x000000061a800000, 0x000000061a800000| Untracked 
| 102|0x000000061ac00000, 0x000000061ac00000, 0x000000061b000000|  0%| F|  |TAMS 0x000000061ac00000, 0x000000061ac00000| Untracked 
| 103|0x000000061b000000, 0x000000061b000000, 0x000000061b400000|  0%| F|  |TAMS 0x000000061b000000, 0x000000061b000000| Untracked 
| 104|0x000000061b400000, 0x000000061b400000, 0x000000061b800000|  0%| F|  |TAMS 0x000000061b400000, 0x000000061b400000| Untracked 
| 105|0x000000061b800000, 0x000000061b800000, 0x000000061bc00000|  0%| F|  |TAMS 0x000000061b800000, 0x000000061b800000| Untracked 
| 106|0x000000061bc00000, 0x000000061bc00000, 0x000000061c000000|  0%| F|  |TAMS 0x000000061bc00000, 0x000000061bc00000| Untracked 
| 107|0x000000061c000000, 0x000000061c000000, 0x000000061c400000|  0%| F|  |TAMS 0x000000061c000000, 0x000000061c000000| Untracked 
| 108|0x000000061c400000, 0x000000061c400000, 0x000000061c800000|  0%| F|  |TAMS 0x000000061c400000, 0x000000061c400000| Untracked 
| 109|0x000000061c800000, 0x000000061c800000, 0x000000061cc00000|  0%| F|  |TAMS 0x000000061c800000, 0x000000061c800000| Untracked 
| 110|0x000000061cc00000, 0x000000061cc00000, 0x000000061d000000|  0%| F|  |TAMS 0x000000061cc00000, 0x000000061cc00000| Untracked 
| 111|0x000000061d000000, 0x000000061d000000, 0x000000061d400000|  0%| F|  |TAMS 0x000000061d000000, 0x000000061d000000| Untracked 
| 112|0x000000061d400000, 0x000000061d400000, 0x000000061d800000|  0%| F|  |TAMS 0x000000061d400000, 0x000000061d400000| Untracked 
| 113|0x000000061d800000, 0x000000061d800000, 0x000000061dc00000|  0%| F|  |TAMS 0x000000061d800000, 0x000000061d800000| Untracked 
| 114|0x000000061dc00000, 0x000000061dc00000, 0x000000061e000000|  0%| F|  |TAMS 0x000000061dc00000, 0x000000061dc00000| Untracked 
| 115|0x000000061e000000, 0x000000061e000000, 0x000000061e400000|  0%| F|  |TAMS 0x000000061e000000, 0x000000061e000000| Untracked 
| 116|0x000000061e400000, 0x000000061e400000, 0x000000061e800000|  0%| F|  |TAMS 0x000000061e400000, 0x000000061e400000| Untracked 
| 117|0x000000061e800000, 0x000000061e800000, 0x000000061ec00000|  0%| F|  |TAMS 0x000000061e800000, 0x000000061e800000| Untracked 
| 118|0x000000061ec00000, 0x000000061ec00000, 0x000000061f000000|  0%| F|  |TAMS 0x000000061ec00000, 0x000000061ec00000| Untracked 
| 119|0x000000061f000000, 0x000000061f000000, 0x000000061f400000|  0%| F|  |TAMS 0x000000061f000000, 0x000000061f000000| Untracked 
| 120|0x000000061f400000, 0x000000061f400000, 0x000000061f800000|  0%| F|  |TAMS 0x000000061f400000, 0x000000061f400000| Untracked 
| 121|0x000000061f800000, 0x000000061f800000, 0x000000061fc00000|  0%| F|  |TAMS 0x000000061f800000, 0x000000061f800000| Untracked 
| 122|0x000000061fc00000, 0x000000061fc00000, 0x0000000620000000|  0%| F|  |TAMS 0x000000061fc00000, 0x000000061fc00000| Untracked 
| 123|0x0000000620000000, 0x0000000620000000, 0x0000000620400000|  0%| F|  |TAMS 0x0000000620000000, 0x0000000620000000| Untracked 
| 124|0x0000000620400000, 0x0000000620400000, 0x0000000620800000|  0%| F|  |TAMS 0x0000000620400000, 0x0000000620400000| Untracked 
| 125|0x0000000620800000, 0x0000000620800000, 0x0000000620c00000|  0%| F|  |TAMS 0x0000000620800000, 0x0000000620800000| Untracked 
| 126|0x0000000620c00000, 0x0000000620e15a00, 0x0000000621000000| 52%| E|  |TAMS 0x0000000620c00000, 0x0000000620c00000| Complete 
| 127|0x0000000621000000, 0x0000000621400000, 0x0000000621400000|100%| E|CS|TAMS 0x0000000621000000, 0x0000000621000000| Complete 

Card table byte_map: [0x000001849dc00000,0x000001849ec00000] _byte_map_base: 0x000001849abf6000

Marking Bits (Prev, Next): (CMBitMap*) 0x0000018488281370, (CMBitMap*) 0x00000184882813b0
 Prev Bits: [0x000001849fc00000, 0x00000184a7bb0000)
 Next Bits: [0x00000184a7bb0000, 0x00000184afb60000)

Polling page: 0x00000184882f0000

Metaspace:

Usage:
  Non-class:      8.23 MB used.
      Class:    785.50 KB used.
       Both:      9.00 MB used.

Virtual space:
  Non-class space:       16.00 MB reserved,       8.25 MB ( 52%) committed,  2 nodes.
      Class space:        1.00 GB reserved,     832.00 KB ( <1%) committed,  1 nodes.
              Both:        1.02 GB reserved,       9.06 MB ( <1%) committed. 

Chunk freelists:
   Non-Class:  3.75 MB
       Class:  3.23 MB
        Both:  6.98 MB

MaxMetaspaceSize: 17179869184.00 GB
CompressedClassSpaceSize: 1.00 GB
 - commit_granule_bytes: 65536.
 - commit_granule_words: 8192.
 - virtual_space_node_default_size: 1048576.
 - enlarge_chunks_in_place: 1.
 - new_chunks_are_fully_committed: 0.
 - uncommit_free_chunks: 1.
 - use_allocation_guard: 0.
 - handle_deallocations: 1.


Internal statistics:

num_allocs_failed_limit: 0.
num_arena_births: 10.
num_arena_deaths: 0.
num_vsnodes_births: 3.
num_vsnodes_deaths: 0.
num_space_committed: 145.
num_space_uncommitted: 0.
num_chunks_returned_to_freelist: 0.
num_chunks_taken_from_freelist: 50.
num_chunk_merges: 0.
num_chunk_splits: 19.
num_chunks_enlarged: 12.
num_purges: 0.

CodeHeap 'non-profiled nmethods': size=120000Kb used=119Kb max_used=119Kb free=119880Kb
 bounds [0x0000018494a40000, 0x0000018494cb0000, 0x000001849bf70000]
CodeHeap 'profiled nmethods': size=120000Kb used=541Kb max_used=541Kb free=119458Kb
 bounds [0x000001848d510000, 0x000001848d780000, 0x0000018494a40000]
CodeHeap 'non-nmethods': size=5760Kb used=1202Kb max_used=1219Kb free=4558Kb
 bounds [0x000001848cf70000, 0x000001848d1e0000, 0x000001848d510000]
 total_blobs=799 nmethods=392 adapters=320
 compilation: enabled
              stopped_count=0, restarted_count=0
 full_count=0

Compilation events (20 events):
Event: 422.204 Thread 0x00000184b34c86a0  386       3       java.lang.StringUTF16::compress (20 bytes)
Event: 422.204 Thread 0x00000184b34c86a0 nmethod 386 0x000001848d594810 code [0x000001848d5949c0, 0x000001848d594c08]
Event: 659.796 Thread 0x00000184b34c86a0  387       3       org.eclipse.jdt.launching.internal.org.objectweb.asm.ClassReader::readUtf (44 bytes)
Event: 659.797 Thread 0x00000184b34c86a0 nmethod 387 0x000001848d594d10 code [0x000001848d594ee0, 0x000001848d595318]
Event: 682.293 Thread 0x00000184b34c86a0  388       3       org.eclipse.jdt.launching.internal.org.objectweb.asm.ClassReader::getItem (7 bytes)
Event: 682.293 Thread 0x00000184b34c86a0 nmethod 388 0x000001848d595510 code [0x000001848d5956a0, 0x000001848d5957d8]
Event: 682.293 Thread 0x00000184b34c86a0  389       3       java.lang.String::<init> (14 bytes)
Event: 682.294 Thread 0x00000184b34c86a0 

Event: 682.294 Thread 0x00000184b34c86a0  390       3       java.lang.String::rangeCheck (9 bytes)
Event: 682.295 Thread 0x00000184b34c86a0 nmethod 390 0x000001848d595890 code [0x000001848d595a40, 0x000001848d595b88]
Event: 731.519 Thread 0x00000184b34c86a0  391       3       org.eclipse.jdt.launching.internal.org.objectweb.asm.Symbol::<init> (38 bytes)
Event: 731.519 Thread 0x00000184b34c86a0 nmethod 391 0x000001848d595c90 code [0x000001848d595e40, 0x000001848d5960f8]
Event: 731.519 Thread 0x00000184b34c86a0  393       3       org.eclipse.jdt.launching.internal.org.objectweb.asm.ClassReader::readUtf (161 bytes)
Event: 731.519 Thread 0x00000184b34c86a0 nmethod 393 0x000001848d596210 code [0x000001848d5963e0, 0x000001848d5968a8]
Event: 731.519 Thread 0x00000184b34c86a0  392       3       org.eclipse.jdt.launching.internal.org.objectweb.asm.SymbolTable::add (39 bytes)
Event: 731.521 Thread 0x00000184b34c86a0 

Event: 731.521 Thread 0x00000184b34c86a0  394       3       org.eclipse.jdt.launching.internal.org.objectweb.asm.ClassReader::readUTF8 (23 bytes)
Event: 731.521 Thread 0x00000184b34c86a0 nmethod 394 0x000001848d596b90 code [0x000001848d596d60, 0x000001848d596fb8]
Event: 731.521 Thread 0x00000184b34c86a0  395       3       org.eclipse.jdt.launching.internal.org.objectweb.asm.SymbolTable::hash (10 bytes)
Event: 731.521 Thread 0x00000184b34c86a0 nmethod 395 0x000001848d597090 code [0x000001848d597240, 0x000001848d597388]

GC Heap History (0 events):
No events

Deoptimization events (20 events):
Event: 0.310 Thread 0x000001848820ad90 DEOPT PACKING pc=0x000001848d5802e7 sp=0x00000048219f8410
Event: 0.310 Thread 0x000001848820ad90 DEOPT UNPACKING pc=0x000001848cfbdece sp=0x00000048219f7878 mode 0
Event: 0.310 Thread 0x000001848820ad90 DEOPT PACKING pc=0x000001848d5802e7 sp=0x00000048219f8410
Event: 0.310 Thread 0x000001848820ad90 DEOPT UNPACKING pc=0x000001848cfbdece sp=0x00000048219f7878 mode 0
Event: 0.310 Thread 0x000001848820ad90 DEOPT PACKING pc=0x000001848d5802e7 sp=0x00000048219f8410
Event: 0.310 Thread 0x000001848820ad90 DEOPT UNPACKING pc=0x000001848cfbdece sp=0x00000048219f7878 mode 0
Event: 0.311 Thread 0x000001848820ad90 DEOPT PACKING pc=0x000001848d5802e7 sp=0x00000048219fbe40
Event: 0.311 Thread 0x000001848820ad90 DEOPT UNPACKING pc=0x000001848cfbdece sp=0x00000048219fb2a8 mode 0
Event: 0.312 Thread 0x000001848820ad90 DEOPT PACKING pc=0x000001848d5802e7 sp=0x00000048219fbe40
Event: 0.312 Thread 0x000001848820ad90 DEOPT UNPACKING pc=0x000001848cfbdece sp=0x00000048219fb2a8 mode 0
Event: 0.312 Thread 0x000001848820ad90 DEOPT PACKING pc=0x000001848d5802e7 sp=0x00000048219fbe40
Event: 0.312 Thread 0x000001848820ad90 DEOPT UNPACKING pc=0x000001848cfbdece sp=0x00000048219fb2a8 mode 0
Event: 0.312 Thread 0x000001848820ad90 DEOPT PACKING pc=0x000001848d5802e7 sp=0x00000048219fbe40
Event: 0.312 Thread 0x000001848820ad90 DEOPT UNPACKING pc=0x000001848cfbdece sp=0x00000048219fb2a8 mode 0
Event: 0.313 Thread 0x000001848820ad90 DEOPT PACKING pc=0x000001848d5802e7 sp=0x00000048219f8390
Event: 0.313 Thread 0x000001848820ad90 DEOPT UNPACKING pc=0x000001848cfbdece sp=0x00000048219f77f8 mode 0
Event: 0.315 Thread 0x000001848820ad90 Uncommon trap: trap_request=0xffffff45 fr.pc=0x0000018494a48b78 relative=0x0000000000000258
Event: 0.315 Thread 0x000001848820ad90 Uncommon trap: reason=unstable_if action=reinterpret pc=0x0000018494a48b78 method=java.lang.String.hashCode()I @ 20 c2
Event: 0.315 Thread 0x000001848820ad90 DEOPT PACKING pc=0x0000018494a48b78 sp=0x00000048219fcdd0
Event: 0.315 Thread 0x000001848820ad90 DEOPT UNPACKING pc=0x000001848cfbd72e sp=0x00000048219fcd68 mode 2

Classes unloaded (0 events):
No events

Classes redefined (4 events):
Event: 422.202 Thread 0x00000184b2891a70 redefined class name=arraylist.Student, count=1
Event: 659.797 Thread 0x00000184b2891a70 redefined class name=arraylist.Student, count=2
Event: 682.293 Thread 0x00000184b2891a70 redefined class name=arraylist.Student, count=3
Event: 731.520 Thread 0x00000184b2891a70 redefined class name=arraylist.Student, count=4

Internal exceptions (1 events):
Event: 0.294 Thread 0x000001848820ad90 Exception <a 'java/lang/NoSuchMethodError'{0x0000000620cf3550}: 'java.lang.Object java.lang.invoke.DirectMethodHandle$Holder.invokeStatic(java.lang.Object)'> (0x0000000620cf3550) 
thrown [t:\workspace\open\src\hotspot\share\interpreter\linkResolver.cpp, line 790]

Events (20 events):
Event: 659.781 Executing  VM operation: ChangeBreakpoints done
Event: 659.797 Executing  VM operation: RedefineClasses
Event: 659.798 Executing  VM operation: RedefineClasses done
Event: 682.293 Executing  VM operation: RedefineClasses
Event: 682.294 Executing  VM operation: RedefineClasses done
Event: 689.366 Executing  VM operation: get/set locals
Event: 689.366 Executing  VM operation: get/set locals done
Event: 700.386 Executing  VM operation: ChangeBreakpoints
Event: 700.386 Executing  VM operation: ChangeBreakpoints done
Event: 703.508 Executing  VM operation: ChangeBreakpoints
Event: 703.508 Executing  VM operation: ChangeBreakpoints done
Event: 731.519 Executing  VM operation: RedefineClasses
Event: 731.521 Executing  VM operation: RedefineClasses done
Event: 731.524 Executing  VM operation: ChangeBreakpoints
Event: 731.524 Executing  VM operation: ChangeBreakpoints done
Event: 731.526 Executing  VM operation: ChangeBreakpoints
Event: 731.526 Executing  VM operation: ChangeBreakpoints done
Event: 731.528 Executing  VM operation: ChangeBreakpoints
Event: 731.528 Executing  VM operation: ChangeBreakpoints done
Event: 740.200 Executing  VM operation: get/set locals


Dynamic libraries:
0x00007ff70e500000 - 0x00007ff70e50e000 	C:\Users\kosmo\.p2\pool\plugins\org.eclipse.justj.openjdk.hotspot.jre.full.win32.x86_64_16.0.1.v20210528-1205\jre\bin\javaw.exe
0x00007ffe4a270000 - 0x00007ffe4a465000 	C:\Windows\SYSTEM32\ntdll.dll
0x00007ffe48c20000 - 0x00007ffe48cdd000 	C:\Windows\System32\KERNEL32.DLL
0x00007ffe47cc0000 - 0x00007ffe47f88000 	C:\Windows\System32\KERNELBASE.dll
0x00007ffe47b20000 - 0x00007ffe47c20000 	C:\Windows\System32\ucrtbase.dll
0x00007ffe37790000 - 0x00007ffe377a8000 	C:\Users\kosmo\.p2\pool\plugins\org.eclipse.justj.openjdk.hotspot.jre.full.win32.x86_64_16.0.1.v20210528-1205\jre\bin\jli.dll
0x00007ffe35550000 - 0x00007ffe35569000 	C:\Users\kosmo\.p2\pool\plugins\org.eclipse.justj.openjdk.hotspot.jre.full.win32.x86_64_16.0.1.v20210528-1205\jre\bin\VCRUNTIME140.dll
0x00007ffe492f0000 - 0x00007ffe49490000 	C:\Windows\System32\USER32.dll
0x00007ffe480f0000 - 0x00007ffe48112000 	C:\Windows\System32\win32u.dll
0x00007ffe32830000 - 0x00007ffe32aca000 	C:\Windows\WinSxS\amd64_microsoft.windows.common-controls_6595b64144ccf1df_6.0.19041.1052_none_60b8f8fd71f5e8cb\COMCTL32.dll
0x00007ffe49540000 - 0x00007ffe4956a000 	C:\Windows\System32\GDI32.dll
0x00007ffe49490000 - 0x00007ffe4952e000 	C:\Windows\System32\msvcrt.dll
0x00007ffe48120000 - 0x00007ffe4822b000 	C:\Windows\System32\gdi32full.dll
0x00007ffe47c20000 - 0x00007ffe47cbd000 	C:\Windows\System32\msvcp_win.dll
0x00007ffe48ef0000 - 0x00007ffe48f20000 	C:\Windows\System32\IMM32.DLL
0x00007ffe3e8f0000 - 0x00007ffe3e8fc000 	C:\Users\kosmo\.p2\pool\plugins\org.eclipse.justj.openjdk.hotspot.jre.full.win32.x86_64_16.0.1.v20210528-1205\jre\bin\vcruntime140_1.dll
0x00007ffe20020000 - 0x00007ffe200b1000 	C:\Users\kosmo\.p2\pool\plugins\org.eclipse.justj.openjdk.hotspot.jre.full.win32.x86_64_16.0.1.v20210528-1205\jre\bin\msvcp140.dll
0x00007ffe09de0000 - 0x00007ffe0a98b000 	C:\Users\kosmo\.p2\pool\plugins\org.eclipse.justj.openjdk.hotspot.jre.full.win32.x86_64_16.0.1.v20210528-1205\jre\bin\server\jvm.dll
0x00007ffe48e40000 - 0x00007ffe48eec000 	C:\Windows\System32\ADVAPI32.dll
0x00007ffe49f90000 - 0x00007ffe4a02b000 	C:\Windows\System32\sechost.dll
0x00007ffe490e0000 - 0x00007ffe4920b000 	C:\Windows\System32\RPCRT4.dll
0x00007ffe49210000 - 0x00007ffe49218000 	C:\Windows\System32\PSAPI.DLL
0x00007ffe45300000 - 0x00007ffe45309000 	C:\Windows\SYSTEM32\WSOCK32.dll
0x00007ffe33db0000 - 0x00007ffe33dd7000 	C:\Windows\SYSTEM32\WINMM.dll
0x00007ffe4a1c0000 - 0x00007ffe4a22b000 	C:\Windows\System32\WS2_32.dll
0x00007ffe404a0000 - 0x00007ffe404aa000 	C:\Windows\SYSTEM32\VERSION.dll
0x00007ffe45800000 - 0x00007ffe45812000 	C:\Windows\SYSTEM32\kernel.appcore.dll
0x00007ffe43130000 - 0x00007ffe4313a000 	C:\Users\kosmo\.p2\pool\plugins\org.eclipse.justj.openjdk.hotspot.jre.full.win32.x86_64_16.0.1.v20210528-1205\jre\bin\jimage.dll
0x00007ffe3fa00000 - 0x00007ffe3fbe4000 	C:\Windows\SYSTEM32\DBGHELP.DLL
0x00007ffe3f770000 - 0x00007ffe3f79c000 	C:\Windows\SYSTEM32\dbgcore.DLL
0x00007ffe479b0000 - 0x00007ffe47a33000 	C:\Windows\System32\bcryptPrimitives.dll
0x00007ffe34ef0000 - 0x00007ffe34f2b000 	C:\Users\kosmo\.p2\pool\plugins\org.eclipse.justj.openjdk.hotspot.jre.full.win32.x86_64_16.0.1.v20210528-1205\jre\bin\jdwp.dll
0x00007ffe3e7a0000 - 0x00007ffe3e7ae000 	C:\Users\kosmo\.p2\pool\plugins\org.eclipse.justj.openjdk.hotspot.jre.full.win32.x86_64_16.0.1.v20210528-1205\jre\bin\instrument.dll
0x00007ffe3e740000 - 0x00007ffe3e765000 	C:\Users\kosmo\.p2\pool\plugins\org.eclipse.justj.openjdk.hotspot.jre.full.win32.x86_64_16.0.1.v20210528-1205\jre\bin\java.dll
0x00007ffe3d360000 - 0x00007ffe3d378000 	C:\Users\kosmo\.p2\pool\plugins\org.eclipse.justj.openjdk.hotspot.jre.full.win32.x86_64_16.0.1.v20210528-1205\jre\bin\zip.dll
0x00007ffe482e0000 - 0x00007ffe48a1f000 	C:\Windows\System32\SHELL32.dll
0x00007ffe45ae0000 - 0x00007ffe46270000 	C:\Windows\SYSTEM32\windows.storage.dll
0x00007ffe49620000 - 0x00007ffe49975000 	C:\Windows\System32\combase.dll
0x00007ffe47300000 - 0x00007ffe4732c000 	C:\Windows\SYSTEM32\Wldp.dll
0x00007ffe48b10000 - 0x00007ffe48bbe000 	C:\Windows\System32\SHCORE.dll
0x00007ffe48de0000 - 0x00007ffe48e35000 	C:\Windows\System32\shlwapi.dll
0x00007ffe478f0000 - 0x00007ffe4790f000 	C:\Windows\SYSTEM32\profapi.dll
0x00007ffe3e730000 - 0x00007ffe3e73c000 	C:\Users\kosmo\.p2\pool\plugins\org.eclipse.justj.openjdk.hotspot.jre.full.win32.x86_64_16.0.1.v20210528-1205\jre\bin\dt_socket.dll
0x00007ffe46d70000 - 0x00007ffe46dab000 	C:\Windows\SYSTEM32\IPHLPAPI.DLL
0x00007ffe47060000 - 0x00007ffe470ca000 	C:\Windows\system32\mswsock.dll
0x00007ffe46db0000 - 0x00007ffe46e7c000 	C:\Windows\SYSTEM32\DNSAPI.dll
0x00007ffe49530000 - 0x00007ffe49538000 	C:\Windows\System32\NSI.dll
0x00007ffe41070000 - 0x00007ffe4107a000 	C:\Windows\System32\rasadhlp.dll
0x00007ffe41a00000 - 0x00007ffe41a7f000 	C:\Windows\System32\fwpuclnt.dll
0x00007ffe47af0000 - 0x00007ffe47b17000 	C:\Windows\System32\bcrypt.dll
0x00007ffe3c550000 - 0x00007ffe3c569000 	C:\Users\kosmo\.p2\pool\plugins\org.eclipse.justj.openjdk.hotspot.jre.full.win32.x86_64_16.0.1.v20210528-1205\jre\bin\net.dll
0x00007ffe415e0000 - 0x00007ffe416eb000 	C:\Windows\SYSTEM32\WINHTTP.dll
0x00007ffe3c530000 - 0x00007ffe3c543000 	C:\Users\kosmo\.p2\pool\plugins\org.eclipse.justj.openjdk.hotspot.jre.full.win32.x86_64_16.0.1.v20210528-1205\jre\bin\nio.dll
0x00007ffe42df0000 - 0x00007ffe42e00000 	C:\Users\kosmo\.p2\pool\plugins\org.eclipse.justj.openjdk.hotspot.jre.full.win32.x86_64_16.0.1.v20210528-1205\jre\bin\verify.dll

dbghelp: loaded successfully - version: 4.0.5 - missing functions: none
symbol engine: initialized successfully - sym options: 0x614 - pdb path: .;C:\Users\kosmo\.p2\pool\plugins\org.eclipse.justj.openjdk.hotspot.jre.full.win32.x86_64_16.0.1.v20210528-1205\jre\bin;C:\Windows\SYSTEM32;C:\Windows\WinSxS\amd64_microsoft.windows.common-controls_6595b64144ccf1df_6.0.19041.1052_none_60b8f8fd71f5e8cb;C:\Users\kosmo\.p2\pool\plugins\org.eclipse.justj.openjdk.hotspot.jre.full.win32.x86_64_16.0.1.v20210528-1205\jre\bin\server

VM Arguments:
jvm_args: -XX:+ShowCodeDetailsInExceptionMessages -agentlib:jdwp=transport=dt_socket,suspend=y,address=localhost:49544 -javaagent:C:\Users\kosmo\eclipse\java-2020-12\eclipse\configuration\org.eclipse.osgi\589\0\.cp\lib\javaagent-shaded.jar -Dfile.encoding=MS949 
java_command: arraylist.StudentTest
java_class_path (initial): C:\eclipse-workspace\chapter07\bin
Launcher Type: SUN_STANDARD

[Global flags]
     intx CICompilerCount                          = 4                                         {product} {ergonomic}
     uint ConcGCThreads                            = 3                                         {product} {ergonomic}
     uint G1ConcRefinementThreads                  = 10                                        {product} {ergonomic}
   size_t G1HeapRegionSize                         = 4194304                                   {product} {ergonomic}
    uintx GCDrainStackTargetSize                   = 64                                        {product} {ergonomic}
   size_t InitialHeapSize                          = 536870912                                 {product} {ergonomic}
   size_t MarkStackSize                            = 4194304                                   {product} {ergonomic}
   size_t MaxHeapSize                              = 8568963072                                {product} {ergonomic}
   size_t MaxNewSize                               = 5138022400                                {product} {ergonomic}
   size_t MinHeapDeltaBytes                        = 4194304                                   {product} {ergonomic}
   size_t MinHeapSize                              = 8388608                                   {product} {ergonomic}
    uintx NonNMethodCodeHeapSize                   = 5839372                                {pd product} {ergonomic}
    uintx NonProfiledCodeHeapSize                  = 122909434                              {pd product} {ergonomic}
    uintx ProfiledCodeHeapSize                     = 122909434                              {pd product} {ergonomic}
    uintx ReservedCodeCacheSize                    = 251658240                              {pd product} {ergonomic}
     bool SegmentedCodeCache                       = true                                      {product} {ergonomic}
     bool ShowCodeDetailsInExceptionMessages       = true                                   {manageable} {command line}
   size_t SoftMaxHeapSize                          = 8568963072                             {manageable} {ergonomic}
     bool UseCompressedClassPointers               = true                           {product lp64_product} {ergonomic}
     bool UseCompressedOops                        = true                           {product lp64_product} {ergonomic}
     bool UseG1GC                                  = true                                      {product} {ergonomic}
     bool UseLargePagesIndividualAllocation        = false                                  {pd product} {ergonomic}

Logging:
Log output configuration:
 #0: stdout all=warning uptime,level,tags
 #1: stderr all=off uptime,level,tags

Environment Variables:
JAVA_HOME=C:\Program Files\Java\jdk1.8.0_291
PATH=C:\Users\kosmo\.p2\pool\plugins\org.eclipse.justj.openjdk.hotspot.jre.full.win32.x86_64_16.0.1.v20210528-1205\jre\bin;C:/Users/kosmo/.p2/pool/plugins/org.eclipse.justj.openjdk.hotspot.jre.full.win32.x86_64_16.0.1.v20210528-1205/jre/bin/server;C:/Users/kosmo/.p2/pool/plugins/org.eclipse.justj.openjdk.hotspot.jre.full.win32.x86_64_16.0.1.v20210528-1205/jre/bin;C:\Program Files (x86)\Common Files\Oracle\Java\javapath;C:\Windows\system32;C:\Windows;C:\Windows\System32\Wbem;C:\Windows\System32\WindowsPowerShell\v1.0\;C:\Windows\System32\OpenSSH\;C:\Program Files\Java\jdk1.8.0_291\bin;C:\Users\kosmo\AppData\Local\Microsoft\WindowsApps;;C:\Users\kosmo\eclipse\java-2020-12\eclipse;
USERNAME=kosmo
OS=Windows_NT
PROCESSOR_IDENTIFIER=Intel64 Family 6 Model 165 Stepping 3, GenuineIntel



---------------  S Y S T E M  ---------------

OS:
 Windows 10 , 64 bit Build 19041 (10.0.19041.1023)
OS uptime: 15 days 5:38 hours
Hyper-V role detected

CPU: total 12 (initial active 12) (6 cores per cpu, 2 threads per core) family 6 model 165 stepping 3 microcode 0xe0, cx8, cmov, fxsr, ht, mmx, 3dnowpref, sse, sse2, sse3, ssse3, sse4.1, sse4.2, popcnt, lzcnt, tsc, tscinvbit, avx, avx2, aes, erms, clmul, bmi1, bmi2, adx, fma, vzeroupper, clflush, clflushopt, hv

Memory: 4k page, system-wide physical 32684M (24803M free)
TotalPageFile size 37804M (AvailPageFile size 22181M)
current process WorkingSet (physical memory assigned to process): 46M, peak: 47M
current process commit charge ("private bytes"): 614M, peak: 615M

vm_info: OpenJDK 64-Bit Server VM (16.0.1+9-24) for windows-amd64 JRE (16.0.1+9-24), built on Mar 26 2021 19:30:07 by "mach5one" with MS VC++ 16.7 (VS2019)

END.
